@0000000000000000
00030007BAC8002A270F000A007000000E20000000000000000000000000E007
000000000000000000000000000000000000064600055460AE8598840D0D0BAD
64010000000000000000000000006200041E0000000000000000000000000000
0000000012870000000000000000000000006E02000000000000000000000000
00000000000000001243000000000000000000000000167C0000000000000000
000000000000000000000000720F000000000000000000000000124100000000
00005C4200000000000000000000000064040000000000000000000000006203
0000000000007A100000000000000000000000005BAA00000000000000000000
000000000000000000009FFF0000000000000000000000006E05000000000000
D46400000000000000000000000062090000000000000000000000007E110000
00000000D4A1000000000000000000000000D652000000000000000000000000
00000000000000001483000000000000000000000000D6D10000000000000000
000000000000000000000000D87300000000000000000000000014A100000000
00007412000000000000000000000000DA76000000000000000000000000620A
0000000000007A14000000000000000000000000781300000000000000000000
000000000000000000007216000000000000000000000000E329000000000000
6207000000000000000000000000BA160000000000000000000000001B6D0000
0000000056E00000000000000000000000006406000000000000000000000000
0000000000000000127F00000000000000000000000014A50000000000000000
000000000000000000000000126700000000000000000000000003F100000000
000005D500000000000000000000000003F100000000000000000000000014BA
000000000000640D000000000000000000000000080D00000000000000000000
0000000000000000000074160000000000000000000000001481000000000000
7C1700000000000000000000000049B00000000000000000000000006C000000
00000000E6140000000000000000000000005B6D000000000000000000000000
00000000000000006A08000000000000000000000000C0C00000000000000000
0000000000000000000000006A080000000000000000000000007A1800000000
000052600000000000000000000000007A19000000000000000000000000F027
0000000000001269000000000000000000000000126800000000000000000000
0000000000000000000026560000000000000000000000002416000000000000
14AB000000000000000000000000781A00000000000000000000000018C20000
00000000E20D00000000000000000000000016FE000000000000000000000000
6A0B00000000000006460000000000000000000000000E340000000000000000
00000000C1C00000000000000000000000009B7F000000000000000000000000
00000000000000001243000000000000000000000000660C0000000000000000
0000000000000000000000003443000000000000000000000000C1C000000000
0000781A00000000000000000000000068410000000000000000000000003642
000000000000761D000000000000000000000000E7B500000000000000000000
00000000000000000000761C000000000000000000000000A61D000000000000
14A30000000000000000000000006500000000000000000000000000E81B0000
00000000126C0000000000000000000000005260000000000000000000000000
00000000000000001221000000000000000000000000721E0000000000000000
000000000000000000000000ED61000000000000000000000000664B00000000
00000678000000000000000000000000620B0000000000000000000000007781
000000000000E557000000000000000000000000620800000000000000000000
0000000000000000000073820000000000000000000000004080000000000000
040D0000000000000000000000005DA000000000000000000000000012220000
00000000ED0D0000000000000000000000001241000000000000000000000000
7A021A4264016200E01900000000000000000000000073830000000000000000
00000FFF19C69D3F9F3F58C2520214C3178366026C0374037A0214821B457403
0000000000000000000000009DFF0000000070CF000900000000000000000000
000022060000000000000000000000006208000000000000000000000000C1C0
0000000000006606000000000000000000000000240800000000000000000000
0000000000000000000000006800000000000000
